<?xml version="1.0" encoding="UTF-8"?>
<!-- Generated by org.testng.reporters.JUnitReportReporter -->
<testsuite hostname="DESKTOP-DJGBMBG" failures="0" tests="3" name="selenium.lambdatestcases" time="71.375" errors="0" timestamp="2022-02-13T17:33:37 IST" skipped="0">
  <testcase classname="selenium.lambdatestcases" name="testcase1" time="15.207"/>
  <system-out/>
  <testcase classname="selenium.lambdatestcases" name="testcase2" time="22.697"/>
  <system-out/>
  <testcase classname="selenium.lambdatestcases" name="testcase3" time="33.471"/>
  <system-out/>
</testsuite> <!-- selenium.lambdatestcases -->
