<?xml version="1.0" encoding="UTF-8"?>
<!-- Generated by org.testng.reporters.JUnitReportReporter -->
<testsuite hostname="DESKTOP-DJGBMBG" failures="0" tests="3" name="selenium.lambdatestcases" time="73.564" errors="0" timestamp="2022-02-13T18:23:54 IST" skipped="0">
  <testcase classname="selenium.lambdatestcases" name="testcase2" time="25.992"/>
  <system-out/>
  <testcase classname="selenium.lambdatestcases" name="testcase3" time="34.869"/>
  <system-out/>
  <testcase classname="selenium.lambdatestcases" name="testcase1" time="12.703"/>
  <system-out/>
</testsuite> <!-- selenium.lambdatestcases -->
