<?xml version="1.0" encoding="UTF-8"?>
<!-- Generated by org.testng.reporters.JUnitReportReporter -->
<testsuite hostname="DESKTOP-DJGBMBG" failures="0" tests="6" name="selenium.Testng1" time="425.523" errors="0" timestamp="2022-02-14T21:26:56 IST" skipped="0">
  <testcase classname="selenium.Testng1" name="scenarioOne" time="28.220"/>
  <system-out/>
  <testcase classname="selenium.Testng1" name="scenarioOne" time="28.447"/>
  <system-out/>
  <testcase classname="selenium.Testng1" name="secondScenario" time="76.380"/>
  <system-out/>
  <testcase classname="selenium.Testng1" name="secondScenario" time="47.401"/>
  <system-out/>
  <testcase classname="selenium.Testng1" name="thirdScenario" time="154.456"/>
  <system-out/>
  <testcase classname="selenium.Testng1" name="thirdScenario" time="90.619"/>
  <system-out/>
</testsuite> <!-- selenium.Testng1 -->
